<?xml version="1.0" encoding="UTF-8"?>
<testng-results ignored="0" total="1" passed="1" failed="0" skipped="0">
  <reporter-output>
  </reporter-output>
  <suite started-at="2024-03-06T11:30:33 IST" name="Default suite" finished-at="2024-03-06T11:30:55 IST" duration-ms="22029">
    <groups>
    </groups>
    <test started-at="2024-03-06T11:30:33 IST" name="Default test" finished-at="2024-03-06T11:30:55 IST" duration-ms="22029">
      <class name="testCases.Tc_001_logintest">
        <test-method is-config="true" signature="setup()[pri:0, instance:testCases.Tc_001_logintest@9f116cc]" started-at="2024-03-06T11:30:33 IST" name="setup" finished-at="2024-03-06T11:30:50 IST" duration-ms="17297" status="PASS">
          <reporter-output>
          </reporter-output>
        </test-method> <!-- setup -->
        <test-method signature="login()[pri:0, instance:testCases.Tc_001_logintest@9f116cc]" started-at="2024-03-06T11:30:50 IST" name="login" finished-at="2024-03-06T11:30:54 IST" duration-ms="3434" status="PASS">
          <reporter-output>
          </reporter-output>
        </test-method> <!-- login -->
        <test-method is-config="true" signature="teardown()[pri:0, instance:testCases.Tc_001_logintest@9f116cc]" started-at="2024-03-06T11:30:54 IST" name="teardown" finished-at="2024-03-06T11:30:55 IST" duration-ms="1189" status="PASS">
          <reporter-output>
          </reporter-output>
        </test-method> <!-- teardown -->
      </class> <!-- testCases.Tc_001_logintest -->
    </test> <!-- Default test -->
  </suite> <!-- Default suite -->
</testng-results>
